<?xml version="1.0" encoding="UTF-8"?>
<!-- Generated by org.testng.reporters.JUnitReportReporter -->
<testsuite skipped="0" hostname="DESKTOP-0H4KNOV" name="com.training.sanity.tests.LoginTests" tests="1" failures="0" timestamp="2020-06-24T12:05:59 IST" time="16.874" errors="0">
  <testcase name="validLoginTest" time="16.874" classname="com.training.sanity.tests.LoginTests"/>
  <system-out/>
</testsuite> <!-- com.training.sanity.tests.LoginTests -->
