<?xml version="1.0" encoding="UTF-8"?>
<!-- Generated by org.testng.reporters.JUnitReportReporter -->
<testsuite skipped="0" hostname="DESKTOP-0H4KNOV" name="project2.PlaceOrder" tests="1" failures="0" timestamp="2020-07-01T11:32:29 IST" time="19.752" errors="0">
  <testcase name="validLoginTest" time="19.752" classname="project2.PlaceOrder"/>
  <system-out/>
</testsuite> <!-- project2.PlaceOrder -->
