<?xml version="1.0" encoding="UTF-8"?>
<!-- Generated by org.testng.reporters.JUnitReportReporter -->
<testsuite skipped="0" hostname="DESKTOP-0H4KNOV" name="project1.Orderhistory" tests="1" failures="0" timestamp="2020-06-29T23:32:42 IST" time="20.629" errors="0">
  <testcase name="validLoginTest" time="20.629" classname="project1.Orderhistory"/>
  <system-out/>
</testsuite> <!-- project1.Orderhistory -->
