<?xml version="1.0" encoding="UTF-8"?>
<!-- Generated by org.testng.reporters.JUnitReportReporter -->
<testsuite skipped="0" hostname="DESKTOP-0H4KNOV" name="com.training.sanity.tests.Orderhistory" tests="1" failures="0" timestamp="2020-06-29T11:55:50 IST" time="22.462" errors="0">
  <testcase name="validLoginTest" time="22.462" classname="com.training.sanity.tests.Orderhistory"/>
  <system-out/>
</testsuite> <!-- com.training.sanity.tests.Orderhistory -->
