<?xml version="1.0" encoding="UTF-8"?>
<!-- Generated by org.testng.reporters.JUnitReportReporter -->
<testsuite skipped="0" hostname="DESKTOP-0H4KNOV" name="project1.personaldetails" tests="1" failures="0" timestamp="2020-06-29T23:31:42 IST" time="28.084" errors="0">
  <testcase name="validLoginTest" time="28.084" classname="project1.personaldetails"/>
  <system-out/>
</testsuite> <!-- project1.personaldetails -->
